<?xml version="1.0" encoding="UTF-8"?>
<!-- Generated by org.testng.reporters.JUnitXMLReporter -->
<testsuite ignored="0" hostname="DESKTOP-254JV4M" failures="0" tests="4" name="Default test" time="15.007" errors="0" timestamp="2022-09-04T10:49:06 IST">
  <testcase classname="TestingBaba_Test.Button_Test" name="clickonElement" time="0.27"/>
  <testcase classname="TestingBaba_Test.Button_Test" name="clickonButton" time="0.145"/>
  <testcase classname="TestingBaba_Test.Button_Test" name="clickonDoubleClick" time="0.169"/>
  <testcase classname="TestingBaba_Test.Button_Test" name="clickonRightClick" time="0.165"/>
</testsuite> <!-- Default test -->
