<?xml version="1.0" encoding="UTF-8"?>
<!-- Generated by org.testng.reporters.JUnitXMLReporter -->
<testsuite ignored="0" hostname="DESKTOP-254JV4M" failures="0" tests="4" name="Button_Test" time="16.871" errors="0" timestamp="2022-09-05T23:06:24 IST">
  <testcase classname="TestingBaba_Test.Button_Test" name="clickonElement" time="0.269"/>
  <testcase classname="TestingBaba_Test.Button_Test" name="clickonButton" time="0.154"/>
  <testcase classname="TestingBaba_Test.Button_Test" name="clickonDoubleClick" time="0.201"/>
  <testcase classname="TestingBaba_Test.Button_Test" name="clickonRightClick" time="0.195"/>
</testsuite> <!-- Button_Test -->
