<?xml version="1.0" encoding="UTF-8"?>
<!-- Generated by org.testng.reporters.JUnitXMLReporter -->
<testsuite ignored="0" hostname="DESKTOP-254JV4M" failures="0" tests="3" name="Link_Test" time="19.74" errors="0" timestamp="2022-09-03T11:04:16 IST">
  <testcase classname="TestingBaba_Test.Link_Test" name="clickonElements" time="0.324"/>
  <testcase classname="TestingBaba_Test.Link_Test" name="clickonLinks" time="0.219"/>
  <testcase classname="TestingBaba_Test.Link_Test" name="clickokDemopage" time="2.753"/>
</testsuite> <!-- Link_Test -->
