<?xml version="1.0" encoding="UTF-8"?>
<!-- Generated by org.testng.reporters.JUnitXMLReporter -->
<testsuite ignored="0" hostname="DESKTOP-254JV4M" failures="0" tests="3" name="Test" time="17.461" errors="0" timestamp="2022-09-03T08:59:15 IST">
  <testcase classname="TestingBaba_Test.TextBox_Test" name="clickOnElement" time="0.283"/>
  <testcase classname="TestingBaba_Test.TextBox_Test" name="ClickOnTextbox" time="0.145"/>
  <testcase classname="TestingBaba_Test.TextBox_Test" name="fillDetails" time="2.394"/>
</testsuite> <!-- Test -->
