<?xml version="1.0" encoding="UTF-8"?>
<!-- Generated by org.testng.reporters.JUnitXMLReporter -->
<testsuite ignored="0" hostname="DESKTOP-254JV4M" failures="0" tests="3" name="Upload_Test" time="14.867" errors="0" timestamp="2022-09-03T11:48:15 IST">
  <testcase classname="TestingBaba_Test.Upload_Test" name="clickonElements" time="0.175"/>
  <testcase classname="TestingBaba_Test.Upload_Test" name="clickonUpload" time="0.14"/>
  <testcase classname="TestingBaba_Test.Upload_Test" name="selectFile" time="0.294"/>
</testsuite> <!-- Upload_Test -->
