<?xml version="1.0" encoding="UTF-8"?>
<!-- Generated by org.testng.reporters.JUnitXMLReporter -->
<testsuite ignored="0" hostname="DESKTOP-254JV4M" failures="0" tests="4" name="Button_Test" time="18.456" errors="0" timestamp="2022-09-10T16:51:19 IST">
  <testcase classname="TestingBaba_Test.Button_Test" name="clickonElement" time="0.387"/>
  <testcase classname="TestingBaba_Test.Button_Test" name="clickonButton" time="0.187"/>
  <testcase classname="TestingBaba_Test.Button_Test" name="clickonDoubleClick" time="0.203"/>
  <testcase classname="TestingBaba_Test.Button_Test" name="clickonRightClick" time="0.25"/>
</testsuite> <!-- Button_Test -->
