<?xml version="1.0" encoding="UTF-8"?>
<testng-results ignored="0" total="4" passed="4" failed="0" skipped="0">
  <reporter-output>
  </reporter-output>
  <suite started-at="2022-09-05T23:06:07 IST" name="Suite" finished-at="2022-09-05T23:06:24 IST" duration-ms="16871">
    <groups>
    </groups>
    <test started-at="2022-09-05T23:06:07 IST" name="Button_Test" finished-at="2022-09-05T23:06:24 IST" duration-ms="16871">
      <class name="TestingBaba_Test.Button_Test">
        <test-method is-config="true" signature="launchTestingBaba()[pri:0, instance:TestingBaba_Test.Button_Test@436813f3]" started-at="2022-09-05T23:06:07 IST" name="launchTestingBaba" finished-at="2022-09-05T23:06:21 IST" duration-ms="14505" status="PASS">
          <reporter-output>
          </reporter-output>
        </test-method> <!-- launchTestingBaba -->
        <test-method signature="clickonElement()[pri:1, instance:TestingBaba_Test.Button_Test@436813f3]" started-at="2022-09-05T23:06:21 IST" name="clickonElement" finished-at="2022-09-05T23:06:22 IST" duration-ms="269" status="PASS">
          <reporter-output>
          </reporter-output>
        </test-method> <!-- clickonElement -->
        <test-method is-config="true" signature="getResultofScreenshot(org.testng.ITestResult)[pri:0, instance:TestingBaba_Test.Button_Test@436813f3]" started-at="2022-09-05T23:06:22 IST" name="getResultofScreenshot" finished-at="2022-09-05T23:06:22 IST" duration-ms="505" status="PASS">
          <params>
            <param index="0">
              <value>
                <![CDATA[[TestResult name=clickonElement status=SUCCESS method=Button_Test.clickonElement()[pri:1, instance:TestingBaba_Test.Button_Test@436813f3] output={null}]]]>
              </value>
            </param>
          </params>
          <reporter-output>
          </reporter-output>
        </test-method> <!-- getResultofScreenshot -->
        <test-method signature="clickonButton()[pri:2, instance:TestingBaba_Test.Button_Test@436813f3]" started-at="2022-09-05T23:06:22 IST" name="clickonButton" finished-at="2022-09-05T23:06:22 IST" duration-ms="154" status="PASS">
          <reporter-output>
          </reporter-output>
        </test-method> <!-- clickonButton -->
        <test-method is-config="true" signature="getResultofScreenshot(org.testng.ITestResult)[pri:0, instance:TestingBaba_Test.Button_Test@436813f3]" started-at="2022-09-05T23:06:22 IST" name="getResultofScreenshot" finished-at="2022-09-05T23:06:22 IST" duration-ms="321" status="PASS">
          <params>
            <param index="0">
              <value>
                <![CDATA[[TestResult name=clickonButton status=SUCCESS method=Button_Test.clickonButton()[pri:2, instance:TestingBaba_Test.Button_Test@436813f3] output={null}]]]>
              </value>
            </param>
          </params>
          <reporter-output>
          </reporter-output>
        </test-method> <!-- getResultofScreenshot -->
        <test-method signature="clickonDoubleClick()[pri:3, instance:TestingBaba_Test.Button_Test@436813f3]" started-at="2022-09-05T23:06:23 IST" name="clickonDoubleClick" finished-at="2022-09-05T23:06:23 IST" duration-ms="201" status="PASS">
          <reporter-output>
          </reporter-output>
        </test-method> <!-- clickonDoubleClick -->
        <test-method is-config="true" signature="getResultofScreenshot(org.testng.ITestResult)[pri:0, instance:TestingBaba_Test.Button_Test@436813f3]" started-at="2022-09-05T23:06:23 IST" name="getResultofScreenshot" finished-at="2022-09-05T23:06:23 IST" duration-ms="357" status="PASS">
          <params>
            <param index="0">
              <value>
                <![CDATA[[TestResult name=clickonDoubleClick status=SUCCESS method=Button_Test.clickonDoubleClick()[pri:3, instance:TestingBaba_Test.Button_Test@436813f3] output={null}]]]>
              </value>
            </param>
          </params>
          <reporter-output>
          </reporter-output>
        </test-method> <!-- getResultofScreenshot -->
        <test-method signature="clickonRightClick()[pri:4, instance:TestingBaba_Test.Button_Test@436813f3]" started-at="2022-09-05T23:06:23 IST" name="clickonRightClick" finished-at="2022-09-05T23:06:23 IST" duration-ms="195" status="PASS">
          <reporter-output>
          </reporter-output>
        </test-method> <!-- clickonRightClick -->
        <test-method is-config="true" signature="getResultofScreenshot(org.testng.ITestResult)[pri:0, instance:TestingBaba_Test.Button_Test@436813f3]" started-at="2022-09-05T23:06:23 IST" name="getResultofScreenshot" finished-at="2022-09-05T23:06:24 IST" duration-ms="301" status="PASS">
          <params>
            <param index="0">
              <value>
                <![CDATA[[TestResult name=clickonRightClick status=SUCCESS method=Button_Test.clickonRightClick()[pri:4, instance:TestingBaba_Test.Button_Test@436813f3] output={null}]]]>
              </value>
            </param>
          </params>
          <reporter-output>
          </reporter-output>
        </test-method> <!-- getResultofScreenshot -->
      </class> <!-- TestingBaba_Test.Button_Test -->
    </test> <!-- Button_Test -->
  </suite> <!-- Suite -->
</testng-results>
